This is pdfTeX, Version 3.141592653-2.6-1.40.22 (TeX Live 2021) (preloaded format=pdflatex 2022.12.31)  1 JAN 2023 09:09
entering extended mode
 restricted \write18 enabled.
 %&-line parsing enabled.
**eVoting.tex
(./eVoting.tex
LaTeX2e <2020-10-01> patch level 4
L3 programming layer <2021-02-18>
(/usr/local/texlive/2021basic/texmf-dist/tex/latex/base/report.cls
Document Class: report 2020/04/10 v1.4m Standard LaTeX document class
(/usr/local/texlive/2021basic/texmf-dist/tex/latex/base/size12.clo
File: size12.clo 2020/04/10 v1.4m Standard LaTeX file (size option)
)
\c@part=\count179
\c@chapter=\count180
\c@section=\count181
\c@subsection=\count182
\c@subsubsection=\count183
\c@paragraph=\count184
\c@subparagraph=\count185
\c@figure=\count186
\c@table=\count187
\abovecaptionskip=\skip47
\belowcaptionskip=\skip48
\bibindent=\dimen138
)
(/usr/local/texlive/2021basic/texmf-dist/tex/latex/graphics/graphicx.sty
Package: graphicx 2020/09/09 v1.2b Enhanced LaTeX Graphics (DPC,SPQR)

(/usr/local/texlive/2021basic/texmf-dist/tex/latex/graphics/keyval.sty
Package: keyval 2014/10/28 v1.15 key=value parser (DPC)
\KV@toks@=\toks15
)
(/usr/local/texlive/2021basic/texmf-dist/tex/latex/graphics/graphics.sty
Package: graphics 2020/08/30 v1.4c Standard LaTeX Graphics (DPC,SPQR)

(/usr/local/texlive/2021basic/texmf-dist/tex/latex/graphics/trig.sty
Package: trig 2016/01/03 v1.10 sin cos tan (DPC)
)
(/usr/local/texlive/2021basic/texmf-dist/tex/latex/graphics-cfg/graphics.cfg
File: graphics.cfg 2016/06/04 v1.11 sample graphics configuration
)
Package graphics Info: Driver file: pdftex.def on input line 105.

(/usr/local/texlive/2021basic/texmf-dist/tex/latex/graphics-def/pdftex.def
File: pdftex.def 2020/10/05 v1.2a Graphics/color driver for pdftex
))
\Gin@req@height=\dimen139
\Gin@req@width=\dimen140
)
(/usr/local/texlive/2021basic/texmf-dist/tex/latex/psnfss/times.sty
Package: times 2020/03/25 PSNFSS-v9.3 (SPQR) 
)
(/usr/local/texlive/2021basic/texmf-dist/tex/latex/hyperref/hyperref.sty
Package: hyperref 2021-02-27 v7.00k Hypertext links for LaTeX

(/usr/local/texlive/2021basic/texmf-dist/tex/generic/ltxcmds/ltxcmds.sty
Package: ltxcmds 2020-05-10 v1.25 LaTeX kernel commands for general use (HO)
)
(/usr/local/texlive/2021basic/texmf-dist/tex/generic/iftex/iftex.sty
Package: iftex 2020/03/06 v1.0d TeX engine tests
)
(/usr/local/texlive/2021basic/texmf-dist/tex/generic/pdftexcmds/pdftexcmds.sty
Package: pdftexcmds 2020-06-27 v0.33 Utility functions of pdfTeX for LuaTeX (HO
)

(/usr/local/texlive/2021basic/texmf-dist/tex/generic/infwarerr/infwarerr.sty
Package: infwarerr 2019/12/03 v1.5 Providing info/warning/error messages (HO)
)
Package pdftexcmds Info: \pdf@primitive is available.
Package pdftexcmds Info: \pdf@ifprimitive is available.
Package pdftexcmds Info: \pdfdraftmode found.
)
(/usr/local/texlive/2021basic/texmf-dist/tex/generic/kvsetkeys/kvsetkeys.sty
Package: kvsetkeys 2019/12/15 v1.18 Key value parser (HO)
)
(/usr/local/texlive/2021basic/texmf-dist/tex/generic/kvdefinekeys/kvdefinekeys.
sty
Package: kvdefinekeys 2019-12-19 v1.6 Define keys (HO)
)
(/usr/local/texlive/2021basic/texmf-dist/tex/generic/pdfescape/pdfescape.sty
Package: pdfescape 2019/12/09 v1.15 Implements pdfTeX's escape features (HO)
)
(/usr/local/texlive/2021basic/texmf-dist/tex/latex/hycolor/hycolor.sty
Package: hycolor 2020-01-27 v1.10 Color options for hyperref/bookmark (HO)
)
(/usr/local/texlive/2021basic/texmf-dist/tex/latex/letltxmacro/letltxmacro.sty
Package: letltxmacro 2019/12/03 v1.6 Let assignment for LaTeX macros (HO)
) (/usr/local/texlive/2021basic/texmf-dist/tex/latex/auxhook/auxhook.sty
Package: auxhook 2019-12-17 v1.6 Hooks for auxiliary files (HO)
)
(/usr/local/texlive/2021basic/texmf-dist/tex/latex/kvoptions/kvoptions.sty
Package: kvoptions 2020-10-07 v3.14 Key value format for package options (HO)
)
\@linkdim=\dimen141
\Hy@linkcounter=\count188
\Hy@pagecounter=\count189

(/usr/local/texlive/2021basic/texmf-dist/tex/latex/hyperref/pd1enc.def
File: pd1enc.def 2021-02-27 v7.00k Hyperref: PDFDocEncoding definition (HO)
Now handling font encoding PD1 ...
... no UTF-8 mapping file for font encoding PD1
)
(/usr/local/texlive/2021basic/texmf-dist/tex/latex/hyperref/hyperref-langpatche
s.def
File: hyperref-langpatches.def 2021-02-27 v7.00k Hyperref: patches for babel la
nguages
) (/usr/local/texlive/2021basic/texmf-dist/tex/generic/intcalc/intcalc.sty
Package: intcalc 2019/12/15 v1.3 Expandable calculations with integers (HO)
) (/usr/local/texlive/2021basic/texmf-dist/tex/generic/etexcmds/etexcmds.sty
Package: etexcmds 2019/12/15 v1.7 Avoid name clashes with e-TeX commands (HO)
)
\Hy@SavedSpaceFactor=\count190

(/usr/local/texlive/2021basic/texmf-dist/tex/latex/hyperref/puenc.def
File: puenc.def 2021-02-27 v7.00k Hyperref: PDF Unicode definition (HO)
Now handling font encoding PU ...
... no UTF-8 mapping file for font encoding PU
)
Package hyperref Info: Hyper figures OFF on input line 4192.
Package hyperref Info: Link nesting OFF on input line 4197.
Package hyperref Info: Hyper index ON on input line 4200.
Package hyperref Info: Plain pages OFF on input line 4207.
Package hyperref Info: Backreferencing OFF on input line 4212.
Package hyperref Info: Implicit mode ON; LaTeX internals redefined.
Package hyperref Info: Bookmarks ON on input line 4445.
\c@Hy@tempcnt=\count191

(/usr/local/texlive/2021basic/texmf-dist/tex/latex/url/url.sty
\Urlmuskip=\muskip16
Package: url 2013/09/16  ver 3.4  Verb mode for urls, etc.
)
LaTeX Info: Redefining \url on input line 4804.
\XeTeXLinkMargin=\dimen142

(/usr/local/texlive/2021basic/texmf-dist/tex/generic/bitset/bitset.sty
Package: bitset 2019/12/09 v1.3 Handle bit-vector datatype (HO)

(/usr/local/texlive/2021basic/texmf-dist/tex/generic/bigintcalc/bigintcalc.sty
Package: bigintcalc 2019/12/15 v1.5 Expandable calculations on big integers (HO
)
))
\Fld@menulength=\count192
\Field@Width=\dimen143
\Fld@charsize=\dimen144
Package hyperref Info: Hyper figures OFF on input line 6075.
Package hyperref Info: Link nesting OFF on input line 6080.
Package hyperref Info: Hyper index ON on input line 6083.
Package hyperref Info: backreferencing OFF on input line 6090.
Package hyperref Info: Link coloring OFF on input line 6095.
Package hyperref Info: Link coloring with OCG OFF on input line 6100.
Package hyperref Info: PDF/A mode OFF on input line 6105.
LaTeX Info: Redefining \ref on input line 6145.
LaTeX Info: Redefining \pageref on input line 6149.
 (/usr/local/texlive/2021basic/texmf-dist/tex/latex/base/atbegshi-ltx.sty
Package: atbegshi-ltx 2020/08/17 v1.0a Emulation of the original atbegshi packa
ge
with kernel methods
)
\Hy@abspage=\count193
\c@Item=\count194
\c@Hfootnote=\count195
)
Package hyperref Info: Driver (autodetected): hpdftex.

(/usr/local/texlive/2021basic/texmf-dist/tex/latex/hyperref/hpdftex.def
File: hpdftex.def 2021-02-27 v7.00k Hyperref driver for pdfTeX

(/usr/local/texlive/2021basic/texmf-dist/tex/latex/base/atveryend-ltx.sty
Package: atveryend-ltx 2020/08/19 v1.0a Emulation of the original atvery packag
e
with kernel methods
)
\Fld@listcount=\count196
\c@bookmark@seq@number=\count197

(/usr/local/texlive/2021basic/texmf-dist/tex/latex/rerunfilecheck/rerunfilechec
k.sty
Package: rerunfilecheck 2019/12/05 v1.9 Rerun checks for auxiliary files (HO)

(/usr/local/texlive/2021basic/texmf-dist/tex/generic/uniquecounter/uniquecounte
r.sty
Package: uniquecounter 2019/12/15 v1.4 Provide unlimited unique counter (HO)
)
Package uniquecounter Info: New unique counter `rerunfilecheck' on input line 2
86.
)
\Hy@SectionHShift=\skip49
)
LaTeX Font Info:    Trying to load font information for OT1+ptm on input line 8
.
 (/usr/local/texlive/2021basic/texmf-dist/tex/latex/psnfss/ot1ptm.fd
File: ot1ptm.fd 2001/06/04 font definitions for OT1/ptm.
)
(/usr/local/texlive/2021basic/texmf-dist/tex/latex/l3backend/l3backend-pdftex.d
ef
File: l3backend-pdftex.def 2021-03-18 L3 backend support: PDF output (pdfTeX)
\l__color_backend_stack_int=\count198
\l__pdf_internal_box=\box47
) (./eVoting.aux)
\openout1 = `eVoting.aux'.

LaTeX Font Info:    Checking defaults for OML/cmm/m/it on input line 8.
LaTeX Font Info:    ... okay on input line 8.
LaTeX Font Info:    Checking defaults for OMS/cmsy/m/n on input line 8.
LaTeX Font Info:    ... okay on input line 8.
LaTeX Font Info:    Checking defaults for OT1/cmr/m/n on input line 8.
LaTeX Font Info:    ... okay on input line 8.
LaTeX Font Info:    Checking defaults for T1/cmr/m/n on input line 8.
LaTeX Font Info:    ... okay on input line 8.
LaTeX Font Info:    Checking defaults for TS1/cmr/m/n on input line 8.
LaTeX Font Info:    ... okay on input line 8.
LaTeX Font Info:    Checking defaults for OMX/cmex/m/n on input line 8.
LaTeX Font Info:    ... okay on input line 8.
LaTeX Font Info:    Checking defaults for U/cmr/m/n on input line 8.
LaTeX Font Info:    ... okay on input line 8.
LaTeX Font Info:    Checking defaults for PD1/pdf/m/n on input line 8.
LaTeX Font Info:    ... okay on input line 8.
LaTeX Font Info:    Checking defaults for PU/pdf/m/n on input line 8.
LaTeX Font Info:    ... okay on input line 8.

(/usr/local/texlive/2021basic/texmf-dist/tex/context/base/mkii/supp-pdf.mkii
[Loading MPS to PDF converter (version 2006.09.02).]
\scratchcounter=\count199
\scratchdimen=\dimen145
\scratchbox=\box48
\nofMPsegments=\count266
\nofMParguments=\count267
\everyMPshowfont=\toks16
\MPscratchCnt=\count268
\MPscratchDim=\dimen146
\MPnumerator=\count269
\makeMPintoPDFobject=\count270
\everyMPtoPDFconversion=\toks17
)
(/usr/local/texlive/2021basic/texmf-dist/tex/latex/epstopdf-pkg/epstopdf-base.s
ty
Package: epstopdf-base 2020-01-24 v2.11 Base part for package epstopdf
Package epstopdf-base Info: Redefining graphics rule for `.eps' on input line 4
85.

(/usr/local/texlive/2021basic/texmf-dist/tex/latex/latexconfig/epstopdf-sys.cfg
File: epstopdf-sys.cfg 2010/07/13 v1.3 Configuration of (r)epstopdf for TeX Liv
e
))
Package hyperref Info: Link coloring OFF on input line 8.
 (/usr/local/texlive/2021basic/texmf-dist/tex/latex/hyperref/nameref.sty
Package: nameref 2021-04-02 v2.47 Cross-referencing by name of section

(/usr/local/texlive/2021basic/texmf-dist/tex/latex/refcount/refcount.sty
Package: refcount 2019/12/15 v3.6 Data extraction from label references (HO)
)
(/usr/local/texlive/2021basic/texmf-dist/tex/generic/gettitlestring/gettitlestr
ing.sty
Package: gettitlestring 2019/12/15 v1.6 Cleanup title references (HO)
)
\c@section@level=\count271
)
LaTeX Info: Redefining \ref on input line 8.
LaTeX Info: Redefining \pageref on input line 8.
LaTeX Info: Redefining \nameref on input line 8.
 (./eVoting.out) (./eVoting.out)
\@outlinefile=\write3
\openout3 = `eVoting.out'.

<images/ClzLogo.png, id=140, 259.97125pt x 261.97874pt>
File: images/ClzLogo.png Graphic file (type png)
<use images/ClzLogo.png>
Package pdftex.def Info: images/ClzLogo.png  used on input line 23.
(pdftex.def)             Requested size: 71.12935pt x 68.28474pt.
 [1

{/usr/local/texlive/2021basic/texmf-var/fonts/map/pdftex/updmap/pdftex.map} <./
images/ClzLogo.png>]pdfTeX warning (ext4): destination with the same identifier
 (name{page.i}) has been already used, duplicate ignored
<to be read again> 
                   \relax 
l.71 \chapter
             *{Acknowledgment} [1

] [2

] (./eVoting.toc
LaTeX Font Info:    External font `cmex10' loaded for size
(Font)              <12> on input line 2.
LaTeX Font Info:    External font `cmex10' loaded for size
(Font)              <8> on input line 2.
LaTeX Font Info:    External font `cmex10' loaded for size
(Font)              <6> on input line 2.
 [3

])
\tf@toc=\write4
\openout4 = `eVoting.toc'.

 [4]
Chapter 1.
[1

] [2] [3]
<images/GanttChat.png, id=215, 732.8178pt x 432.6564pt>
File: images/GanttChat.png Graphic file (type png)
<use images/GanttChat.png>
Package pdftex.def Info: images/GanttChat.png  used on input line 166.
(pdftex.def)             Requested size: 366.408pt x 216.32767pt.
 [4 <./images/GanttChat.png>]
Chapter 2.
[5

] [6] [7]
Chapter 3.

Package hyperref Warning: Difference (2) between bookmark levels is greater 
(hyperref)                than one, level fixed on input line 205.

<images/BlockDig.png, id=234, 513.92pt x 293.095pt>
File: images/BlockDig.png Graphic file (type png)
<use images/BlockDig.png>
Package pdftex.def Info: images/BlockDig.png  used on input line 210.
(pdftex.def)             Requested size: 513.91873pt x 293.09427pt.

Overfull \hbox (123.91873pt too wide) in paragraph at lines 210--211
 [][] 
 []

[8

 <./images/BlockDig.png>]
Underfull \hbox (badness 10000) in paragraph at lines 242--243

 []

[9]
<images/UseCaseDig.png, id=254, 513.92pt x 468.75125pt>
File: images/UseCaseDig.png Graphic file (type png)
<use images/UseCaseDig.png>
Package pdftex.def Info: images/UseCaseDig.png  used on input line 244.
(pdftex.def)             Requested size: 256.95937pt x 234.37505pt.
<images/DFD-0L.png, id=255, 513.92pt x 244.915pt>
File: images/DFD-0L.png Graphic file (type png)
<use images/DFD-0L.png>
Package pdftex.def Info: images/DFD-0L.png  used on input line 253.
(pdftex.def)             Requested size: 256.95937pt x 122.45718pt.
 [10 <./images/UseCaseDig.png>]
<images/DFD-1L.png, id=261, 513.92pt x 283.0575pt>
File: images/DFD-1L.png Graphic file (type png)
<use images/DFD-1L.png>
Package pdftex.def Info: images/DFD-1L.png  used on input line 263.
(pdftex.def)             Requested size: 256.95937pt x 141.5284pt.

Underfull \hbox (badness 10000) in paragraph at lines 269--270

 []

<images/ActivityDig-1.png, id=262, 290.08376pt x 513.92pt>
File: images/ActivityDig-1.png Graphic file (type png)
<use images/ActivityDig-1.png>
Package pdftex.def Info: images/ActivityDig-1.png  used on input line 271.
(pdftex.def)             Requested size: 145.04152pt x 256.95937pt.
[11 <./images/DFD-0L.png> <./images/DFD-1L.png>]
<images/ActivityDig-2.png, id=270, 238.8925pt x 513.92pt>
File: images/ActivityDig-2.png Graphic file (type png)
<use images/ActivityDig-2.png>
Package pdftex.def Info: images/ActivityDig-2.png  used on input line 273.
(pdftex.def)             Requested size: 119.44595pt x 256.95937pt.

Underfull \hbox (badness 10000) in paragraph at lines 286--287

 []

[12 <./images/ActivityDig-1.png> <./images/ActivityDig-2.png>]
<images/DevModel.jpg, id=276, 513.92pt x 385.44pt>
File: images/DevModel.jpg Graphic file (type jpg)
<use images/DevModel.jpg>
Package pdftex.def Info: images/DevModel.jpg  used on input line 288.
(pdftex.def)             Requested size: 256.95937pt x 192.71953pt.

Overfull \hbox (0.78503pt too wide) in paragraph at lines 290--291
[]\OT1/ptm/m/n/12 Incremental Mod-els in-clude the dif-fer-ent build-ing phases
. Like Build-1, Build-
 []

LaTeX Font Info:    Trying to load font information for TS1+ptm on input line 2
92.
(/usr/local/texlive/2021basic/texmf-dist/tex/latex/psnfss/ts1ptm.fd
File: ts1ptm.fd 2001/06/04 font definitions for TS1/ptm.
) [13 <./images/DevModel.jpg>]
Chapter 4.

Package hyperref Warning: Difference (2) between bookmark levels is greater 
(hyperref)                than one, level fixed on input line 299.

<images/Epilog-2.png, id=281, 1927.2pt x 1084.05pt>
File: images/Epilog-2.png Graphic file (type png)
<use images/Epilog-2.png>
Package pdftex.def Info: images/Epilog-2.png  used on input line 302.
(pdftex.def)             Requested size: 481.79883pt x 271.01184pt.

Overfull \hbox (91.79883pt too wide) in paragraph at lines 302--304
[] 
 []

<images/Epilog-1.png, id=283, 1927.2pt x 1084.05pt>
File: images/Epilog-1.png Graphic file (type png)
<use images/Epilog-1.png>
Package pdftex.def Info: images/Epilog-1.png  used on input line 305.
(pdftex.def)             Requested size: 481.79883pt x 271.01184pt.

Overfull \hbox (109.42365pt too wide) in paragraph at lines 305--307
[][] 
 []

[14

 <./images/Epilog-2.png>]
<images/SmartContractOutput.jpeg, id=290, 1369.115pt x 629.35126pt>
File: images/SmartContractOutput.jpeg Graphic file (type jpg)
<use images/SmartContractOutput.jpeg>
Package pdftex.def Info: images/SmartContractOutput.jpeg  used on input line 31
5.
(pdftex.def)             Requested size: 342.27791pt x 157.33742pt.
 [15 <./images/Epilog-1.png> <./images/SmartContractOutput.jpeg>]
Chapter 5.

Underfull \hbox (badness 10000) in paragraph at lines 325--326

 []


Underfull \hbox (badness 10000) in paragraph at lines 327--328

 []


Overfull \hbox (12.23468pt too wide) in paragraph at lines 329--330
[]\OT1/ptm/m/n/12 [3] F. Fusco, M. I. Lunesu, F. E. Pani, and A. Pinna, \Crypto
-voting, a Blockchain
 []


Underfull \hbox (badness 10000) in paragraph at lines 329--330

 []


Underfull \hbox (badness 10000) in paragraph at lines 331--332

 []


Underfull \hbox (badness 10000) in paragraph at lines 333--334

 []


Underfull \hbox (badness 10000) in paragraph at lines 335--336

 []


Underfull \hbox (badness 10000) in paragraph at lines 337--338

 []


Underfull \hbox (badness 10000) in paragraph at lines 339--340

 []

[16

]
Underfull \hbox (badness 10000) in paragraph at lines 341--342

 []


Overfull \hbox (36.84877pt too wide) in paragraph at lines 347--348
\OT1/ptm/m/n/12 Sci-ence and In-for-ma-tion Tech-nol-ogy (CC-SIT 2019). 2019. d
oi: 10.5121/csit.2019.90803. 
 []


Underfull \hbox (badness 10000) in paragraph at lines 347--348

 []


Underfull \hbox (badness 10000) in paragraph at lines 349--350

 []


Overfull \hbox (39.67673pt too wide) in paragraph at lines 351--352
[]\OT1/ptm/m/n/12 [13] T. Con-trib-u-tor, \use case di-a-gram (UML use case di-
a-gram)," www.techtarget.com,
 []


Underfull \hbox (badness 10000) in paragraph at lines 351--352

 []


Overfull \hbox (11.95998pt too wide) in paragraph at lines 353--354
\OT1/ptm/m/n/12 https://www.geeksforgeeks.org/levels-in-data-flow-diagrams-dfd/
 (ac-cessed Jun. 11,
 []


Underfull \hbox (badness 10000) in paragraph at lines 353--354

 []

[17] (./eVoting.aux)
Package rerunfilecheck Info: File `eVoting.out' has not changed.
(rerunfilecheck)             Checksum: 6C090D3D5047EB631F61D13499F8FB2E;4778.
 ) 
Here is how much of TeX's memory you used:
 8007 strings out of 480445
 119963 string characters out of 5892390
 414197 words of memory out of 5000000
 25102 multiletter control sequences out of 15000+600000
 419400 words of font info for 54 fonts, out of 8000000 for 9000
 319 hyphenation exceptions out of 8191
 71i,6n,74p,1037b,333s stack positions out of 5000i,500n,10000p,200000b,80000s
{/usr/local/texlive/2021basic/texmf-dist/fonts/enc/dvips/base/8r.enc}</usr/lo
cal/texlive/2021basic/texmf-dist/fonts/type1/urw/times/utmb8a.pfb></usr/local/t
exlive/2021basic/texmf-dist/fonts/type1/urw/times/utmr8a.pfb></usr/local/texliv
e/2021basic/texmf-dist/fonts/type1/urw/times/utmri8a.pfb>
Output written on eVoting.pdf (22 pages, 1550695 bytes).
PDF statistics:
 337 PDF objects out of 1000 (max. 8388607)
 291 compressed objects within 3 object streams
 73 named destinations out of 1000 (max. 500000)
 333 words of extra memory for PDF output out of 10000 (max. 10000000)

